[0;32m[INFO][0m Starting Performance Test Suite at Fri Mar 20 22:27:24 WET 2026
[0;32m[INFO][0m Report will be saved to: ./performance-reports/synapse-performance-report-20260320-222724.md
[0;32m[INFO][0m Debug log: ./performance-reports/debug-20260320-222724.log
[0;32m[INFO][0m Application is running (PID: 40813)
[0;32m[INFO][0m Creating test message...
[0;32m[INFO][0m Running pre-flight checks...
[0;32m[INFO][0m Checking SQLite configuration...
[0;34m[DEBUG][0m SQLite journal_mode: delete
[0;34m[DEBUG][0m SQLite busy_timeout: 0
[0;34m[DEBUG][0m SQLite synchronous: 2
[1;33m[WARN][0m ⚠️  SQLite is NOT in WAL mode (current: delete) - this limits write performance
[1;33m[WARN][0m ⚠️  SQLite busy_timeout is 0 - writes will fail immediately on contention
[0;32m[INFO][0m Checking database indexes...
[1;33m[WARN][0m ⚠️  Missing pagination index (idx_ingested_event) - queries will be slow
[0;32m[INFO][0m Collecting baseline metrics...
[0;34m[DEBUG][0m Baseline - Process:   0.0  0.1  28400 437604160
[0;34m[DEBUG][0m Baseline - DB: 20213|106|9.26171875
[0;34m[DEBUG][0m Baseline - Events: 20213
[0;34m[DEBUG][0m Baseline - Kafka LAG: 0
[0;32m[INFO][0m Starting Test 1: 10 msg/sec for 60 seconds (600 messages)
[0;32m[INFO][0m Sending messages...
[0;34m[DEBUG][0m [Test1] Kafka LAG: 4
[0;34m[DEBUG][0m [Test1] Kafka LAG: 19
[0;34m[DEBUG][0m [Test1] Kafka LAG: 9
[0;34m[DEBUG][0m [Test1] Kafka LAG: 22
[0;34m[DEBUG][0m [Test1] Kafka LAG: 35
[0;34m[DEBUG][0m [Test1] Kafka LAG: 13
[0;34m[DEBUG][0m [Test1] Kafka LAG: 26
[0;34m[DEBUG][0m [Test1] Kafka LAG: 3
[0;34m[DEBUG][0m [Test1] Progress: 100/600, LAG: 5
[0;34m[DEBUG][0m [Test1] Kafka LAG: 10
[0;34m[DEBUG][0m [Test1] Kafka LAG: 24
[0;34m[DEBUG][0m [Test1] Kafka LAG: 37
[0;34m[DEBUG][0m [Test1] Kafka LAG: 14
[0;34m[DEBUG][0m [Test1] Kafka LAG: 27
[0;34m[DEBUG][0m [Test1] Kafka LAG: 4
[0;34m[DEBUG][0m [Test1] Kafka LAG: 17
[0;34m[DEBUG][0m [Test1] Kafka LAG: 30
[0;34m[DEBUG][0m [Test1] Progress: 200/600, LAG: 33
[0;34m[DEBUG][0m [Test1] Kafka LAG: 2
[0;34m[DEBUG][0m [Test1] Kafka LAG: 15
[0;34m[DEBUG][0m [Test1] Kafka LAG: 28
[0;34m[DEBUG][0m [Test1] Kafka LAG: 5
[0;34m[DEBUG][0m [Test1] Kafka LAG: 18
[0;34m[DEBUG][0m [Test1] Kafka LAG: 31
[0;34m[DEBUG][0m [Test1] Kafka LAG: 8
[0;34m[DEBUG][0m [Test1] Kafka LAG: 21
[0;34m[DEBUG][0m [Test1] Progress: 300/600, LAG: 25
[0;34m[DEBUG][0m [Test1] Kafka LAG: 28
[0;34m[DEBUG][0m [Test1] Kafka LAG: 42
[0;34m[DEBUG][0m [Test1] Kafka LAG: 19
[0;34m[DEBUG][0m [Test1] Kafka LAG: 32
[0;34m[DEBUG][0m [Test1] Kafka LAG: 9
[0;34m[DEBUG][0m [Test1] Kafka LAG: 22
[0;34m[DEBUG][0m [Test1] Kafka LAG: 35
[0;34m[DEBUG][0m [Test1] Kafka LAG: 12
[0;34m[DEBUG][0m [Test1] Progress: 400/600, LAG: 17
[0;34m[DEBUG][0m [Test1] Kafka LAG: 19
[0;34m[DEBUG][0m [Test1] Kafka LAG: 32
[0;34m[DEBUG][0m [Test1] Kafka LAG: 9
[0;34m[DEBUG][0m [Test1] Kafka LAG: 23
[0;34m[DEBUG][0m [Test1] Kafka LAG: 36
[0;34m[DEBUG][0m [Test1] Kafka LAG: 13
[0;34m[DEBUG][0m [Test1] Kafka LAG: 27
[0;34m[DEBUG][0m [Test1] Kafka LAG: 4
[0;34m[DEBUG][0m [Test1] Progress: 500/600, LAG: 9
[0;34m[DEBUG][0m [Test1] Kafka LAG: 11
[0;34m[DEBUG][0m [Test1] Kafka LAG: 24
[0;34m[DEBUG][0m [Test1] Kafka LAG: 37
[0;34m[DEBUG][0m [Test1] Kafka LAG: 15
[0;34m[DEBUG][0m [Test1] Kafka LAG: 28
[0;34m[DEBUG][0m [Test1] Kafka LAG: 5
[0;34m[DEBUG][0m [Test1] Kafka LAG: 19
[0;34m[DEBUG][0m [Test1] Kafka LAG: 33
[0;34m[DEBUG][0m [Test1] Progress: 600/600, LAG: 1
[0;32m[INFO][0m Messages sent. Waiting 10 seconds for processing...
[0;34m[DEBUG][0m [Test1] Kafka LAG: 1
[0;34m[DEBUG][0m [Test1] Kafka LAG: 1
[0;34m[DEBUG][0m [Test1] Kafka LAG: 1
[0;34m[DEBUG][0m [Test1] Kafka LAG: 1
[0;34m[DEBUG][0m [Test1] Kafka LAG: 0
[0;32m[INFO][0m Sampling application logs for Test1...
[0;34m[DEBUG][0m [Test1] Error count in logs:        0
[0;32m[INFO][0m Test 1 Complete: 600/600 messages processed (100.00%)
[0;32m[INFO][0m Test 1 Peak LAG: 42, Avg LAG: 18, Final LAG: 0
[0;32m[INFO][0m Starting Test 2: 100 msg/sec for 60 seconds (6000 messages)
[0;32m[INFO][0m Sending messages...
[0;34m[DEBUG][0m [Test2] Kafka LAG: 14
[0;34m[DEBUG][0m [Test2] Kafka LAG: 26
[0;34m[DEBUG][0m [Test2] Kafka LAG: 39
[0;34m[DEBUG][0m [Test2] Kafka LAG: 50
[0;34m[DEBUG][0m [Test2] Kafka LAG: 27
[0;34m[DEBUG][0m [Test2] Kafka LAG: 40
[0;34m[DEBUG][0m [Test2] Kafka LAG: 16
[0;34m[DEBUG][0m [Test2] Kafka LAG: 27
[0;34m[DEBUG][0m [Test2] Kafka LAG: 39
[0;34m[DEBUG][0m [Test2] Kafka LAG: 16
[0;34m[DEBUG][0m [Test2] Kafka LAG: 27
[0;34m[DEBUG][0m [Test2] Kafka LAG: 39
[0;34m[DEBUG][0m [Test2] Kafka LAG: 14
[0;34m[DEBUG][0m [Test2] Kafka LAG: 26
[0;34m[DEBUG][0m [Test2] Kafka LAG: 37
[0;34m[DEBUG][0m [Test2] Kafka LAG: 14
[0;34m[DEBUG][0m [Test2] Kafka LAG: 26
[0;34m[DEBUG][0m [Test2] Kafka LAG: 38
[0;34m[DEBUG][0m [Test2] Kafka LAG: 13
[0;34m[DEBUG][0m [Test2] Kafka LAG: 25
[0;34m[DEBUG][0m [Test2] Kafka LAG: 37
[0;34m[DEBUG][0m [Test2] Progress: 1000/6000, LAG: 28
[0;34m[DEBUG][0m [Test2] Kafka LAG: 28
[0;34m[DEBUG][0m [Test2] Kafka LAG: 35
[0;34m[DEBUG][0m [Test2] Kafka LAG: 10
[0;34m[DEBUG][0m [Test2] Kafka LAG: 22
[0;34m[DEBUG][0m [Test2] Kafka LAG: 34
[0;34m[DEBUG][0m [Test2] Kafka LAG: 45
[0;34m[DEBUG][0m [Test2] Kafka LAG: 57
[0;34m[DEBUG][0m [Test2] Kafka LAG: 33
[0;34m[DEBUG][0m [Test2] Kafka LAG: 45
[0;34m[DEBUG][0m [Test2] Kafka LAG: 56
[0;34m[DEBUG][0m [Test2] Kafka LAG: 33
[0;34m[DEBUG][0m [Test2] Kafka LAG: 44
[0;34m[DEBUG][0m [Test2] Kafka LAG: 20
[0;34m[DEBUG][0m [Test2] Kafka LAG: 30
[0;34m[DEBUG][0m [Test2] Kafka LAG: 42
[0;34m[DEBUG][0m [Test2] Kafka LAG: 17
[0;34m[DEBUG][0m [Test2] Kafka LAG: 29
[0;34m[DEBUG][0m [Test2] Kafka LAG: 40
[0;34m[DEBUG][0m [Test2] Kafka LAG: 16
[0;34m[DEBUG][0m [Test2] Kafka LAG: 28
[0;34m[DEBUG][0m [Test2] Kafka LAG: 40
[0;34m[DEBUG][0m [Test2] Kafka LAG: 16
[0;34m[DEBUG][0m [Test2] Progress: 2000/6000, LAG: 20
[0;34m[DEBUG][0m [Test2] Kafka LAG: 40
[0;34m[DEBUG][0m [Test2] Kafka LAG: 16
[0;34m[DEBUG][0m [Test2] Kafka LAG: 27
[0;34m[DEBUG][0m [Test2] Kafka LAG: 39
[0;34m[DEBUG][0m [Test2] Kafka LAG: 15
[0;34m[DEBUG][0m [Test2] Kafka LAG: 27
[0;34m[DEBUG][0m [Test2] Kafka LAG: 38
[0;34m[DEBUG][0m [Test2] Kafka LAG: 13
[0;34m[DEBUG][0m [Test2] Kafka LAG: 24
[0;34m[DEBUG][0m [Test2] Kafka LAG: 36
[0;34m[DEBUG][0m [Test2] Kafka LAG: 12
[0;34m[DEBUG][0m [Test2] Kafka LAG: 24
[0;34m[DEBUG][0m [Test2] Kafka LAG: 35
[0;34m[DEBUG][0m [Test2] Kafka LAG: 11
[0;34m[DEBUG][0m [Test2] Kafka LAG: 22
[0;34m[DEBUG][0m [Test2] Kafka LAG: 32
[0;34m[DEBUG][0m [Test2] Kafka LAG: 8
[0;34m[DEBUG][0m [Test2] Kafka LAG: 56
[0;34m[DEBUG][0m [Test2] Kafka LAG: 32
[0;34m[DEBUG][0m [Test2] Kafka LAG: 44
[0;34m[DEBUG][0m [Test2] Kafka LAG: 56
[0;34m[DEBUG][0m [Test2] Progress: 3000/6000, LAG: 12
[0;34m[DEBUG][0m [Test2] Kafka LAG: 12
[0;34m[DEBUG][0m [Test2] Kafka LAG: 52
[0;34m[DEBUG][0m [Test2] Kafka LAG: 26
[0;34m[DEBUG][0m [Test2] Kafka LAG: 38
[0;34m[DEBUG][0m [Test2] Kafka LAG: 49
[0;34m[DEBUG][0m [Test2] Kafka LAG: 25
[0;34m[DEBUG][0m [Test2] Kafka LAG: 36
[0;34m[DEBUG][0m [Test2] Kafka LAG: 48
[0;34m[DEBUG][0m [Test2] Kafka LAG: 24
[0;34m[DEBUG][0m [Test2] Kafka LAG: 35
[0;34m[DEBUG][0m [Test2] Kafka LAG: 46
[0;34m[DEBUG][0m [Test2] Kafka LAG: 22
[0;34m[DEBUG][0m [Test2] Kafka LAG: 34
[0;34m[DEBUG][0m [Test2] Kafka LAG: 46
[0;34m[DEBUG][0m [Test2] Kafka LAG: 22
[0;34m[DEBUG][0m [Test2] Kafka LAG: 33
[0;34m[DEBUG][0m [Test2] Kafka LAG: 44
[0;34m[DEBUG][0m [Test2] Kafka LAG: 20
[0;34m[DEBUG][0m [Test2] Kafka LAG: 32
[0;34m[DEBUG][0m [Test2] Kafka LAG: 8
[0;34m[DEBUG][0m [Test2] Kafka LAG: 18
[0;34m[DEBUG][0m [Test2] Kafka LAG: 30
[0;34m[DEBUG][0m [Test2] Progress: 4000/6000, LAG: 4
[0;34m[DEBUG][0m [Test2] Kafka LAG: 18
[0;34m[DEBUG][0m [Test2] Kafka LAG: 30
[0;34m[DEBUG][0m [Test2] Kafka LAG: 5
[0;34m[DEBUG][0m [Test2] Kafka LAG: 18
[0;34m[DEBUG][0m [Test2] Kafka LAG: 30
[0;34m[DEBUG][0m [Test2] Kafka LAG: 6
[0;34m[DEBUG][0m [Test2] Kafka LAG: 53
[0;34m[DEBUG][0m [Test2] Kafka LAG: 29
[0;34m[DEBUG][0m [Test2] Kafka LAG: 41
[0;34m[DEBUG][0m [Test2] Kafka LAG: 51
[0;34m[DEBUG][0m [Test2] Kafka LAG: 26
[0;34m[DEBUG][0m [Test2] Kafka LAG: 37
[0;34m[DEBUG][0m [Test2] Kafka LAG: 48
[0;34m[DEBUG][0m [Test2] Kafka LAG: 23
[0;34m[DEBUG][0m [Test2] Kafka LAG: 35
[0;34m[DEBUG][0m [Test2] Kafka LAG: 47
[0;34m[DEBUG][0m [Test2] Kafka LAG: 23
[0;34m[DEBUG][0m [Test2] Kafka LAG: 35
[0;34m[DEBUG][0m [Test2] Kafka LAG: 46
[0;34m[DEBUG][0m [Test2] Kafka LAG: 21
[0;34m[DEBUG][0m [Test2] Kafka LAG: 33
[0;34m[DEBUG][0m [Test2] Progress: 5000/6000, LAG: 32
[0;34m[DEBUG][0m [Test2] Kafka LAG: 32
[0;34m[DEBUG][0m [Test2] Kafka LAG: 32
[0;34m[DEBUG][0m [Test2] Kafka LAG: 44
[0;34m[DEBUG][0m [Test2] Kafka LAG: 20
[0;34m[DEBUG][0m [Test2] Kafka LAG: 32
[0;34m[DEBUG][0m [Test2] Kafka LAG: 43
[0;34m[DEBUG][0m [Test2] Kafka LAG: 19
[0;34m[DEBUG][0m [Test2] Kafka LAG: 31
[0;34m[DEBUG][0m [Test2] Kafka LAG: 8
[0;34m[DEBUG][0m [Test2] Kafka LAG: 19
[0;34m[DEBUG][0m [Test2] Kafka LAG: 31
[0;34m[DEBUG][0m [Test2] Kafka LAG: 7
[0;34m[DEBUG][0m [Test2] Kafka LAG: 18
[0;34m[DEBUG][0m [Test2] Kafka LAG: 30
[0;34m[DEBUG][0m [Test2] Kafka LAG: 6
[0;34m[DEBUG][0m [Test2] Kafka LAG: 17
[0;34m[DEBUG][0m [Test2] Kafka LAG: 29
[0;34m[DEBUG][0m [Test2] Kafka LAG: 40
[0;34m[DEBUG][0m [Test2] Kafka LAG: 51
[0;34m[DEBUG][0m [Test2] Kafka LAG: 28
[0;34m[DEBUG][0m [Test2] Kafka LAG: 39
[0;34m[DEBUG][0m [Test2] Kafka LAG: 50
[0;34m[DEBUG][0m [Test2] Progress: 6000/6000, LAG: 24
[0;32m[INFO][0m Messages sent. Waiting 10 seconds for processing...
[0;34m[DEBUG][0m [Test2] Kafka LAG: 24
[0;34m[DEBUG][0m [Test2] Kafka LAG: 24
[0;34m[DEBUG][0m [Test2] Kafka LAG: 24
[0;34m[DEBUG][0m [Test2] Kafka LAG: 24
[0;34m[DEBUG][0m [Test2] Kafka LAG: 0
[0;32m[INFO][0m Sampling application logs for Test2...
[0;34m[DEBUG][0m [Test2] Error count in logs:        1
[0;32m[INFO][0m Test 2 Complete: 6000/6000 messages processed (100.00%)
[0;32m[INFO][0m Test 2 Peak LAG: 57, Avg LAG: 29, Final LAG: 0
[0;32m[INFO][0m Starting Test 3: 500 msg/sec for 60 seconds (30,000 messages)
[0;32m[INFO][0m Sending messages...
[0;34m[DEBUG][0m [Test3] Kafka LAG: 18
[0;34m[DEBUG][0m [Test3] Kafka LAG: 47
[0;34m[DEBUG][0m [Test3] Kafka LAG: 40
[0;34m[DEBUG][0m [Test3] Kafka LAG: 33
[0;34m[DEBUG][0m [Test3] Kafka LAG: 58
[0;34m[DEBUG][0m [Test3] Kafka LAG: 52
[0;34m[DEBUG][0m [Test3] Kafka LAG: 46
[0;34m[DEBUG][0m [Test3] Kafka LAG: 40
[0;34m[DEBUG][0m [Test3] Kafka LAG: 34
[0;34m[DEBUG][0m [Test3] Kafka LAG: 27
[0;34m[DEBUG][0m [Test3] Kafka LAG: 19
[0;34m[DEBUG][0m [Test3] Kafka LAG: 47
[0;34m[DEBUG][0m [Test3] Kafka LAG: 41
[0;34m[DEBUG][0m [Test3] Kafka LAG: 34
[0;34m[DEBUG][0m [Test3] Kafka LAG: 28
[0;34m[DEBUG][0m [Test3] Kafka LAG: 21
[0;34m[DEBUG][0m [Test3] Kafka LAG: 14
[0;34m[DEBUG][0m [Test3] Kafka LAG: 44
[0;34m[DEBUG][0m [Test3] Kafka LAG: 38
[0;34m[DEBUG][0m [Test3] Kafka LAG: 31
[0;34m[DEBUG][0m [Test3] Kafka LAG: 24
[0;34m[DEBUG][0m [Test3] Kafka LAG: 18
[0;34m[DEBUG][0m [Test3] Kafka LAG: 11
[0;34m[DEBUG][0m [Test3] Kafka LAG: 4
[0;34m[DEBUG][0m [Test3] Kafka LAG: 34
[0;34m[DEBUG][0m [Test3] Kafka LAG: 26
[0;34m[DEBUG][0m [Test3] Kafka LAG: 55
[0;34m[DEBUG][0m [Test3] Kafka LAG: 48
[0;34m[DEBUG][0m [Test3] Kafka LAG: 41
[0;34m[DEBUG][0m [Test3] Kafka LAG: 35
[0;34m[DEBUG][0m [Test3] Kafka LAG: 56
[0;34m[DEBUG][0m [Test3] Kafka LAG: 57
[0;34m[DEBUG][0m [Test3] Kafka LAG: 50
[0;34m[DEBUG][0m [Test3] Kafka LAG: 44
[0;34m[DEBUG][0m [Test3] Kafka LAG: 33
[0;34m[DEBUG][0m [Test3] Kafka LAG: 18
[0;34m[DEBUG][0m [Test3] Kafka LAG: 46
[0;34m[DEBUG][0m [Test3] Kafka LAG: 35
[0;34m[DEBUG][0m [Test3] Kafka LAG: 27
[0;34m[DEBUG][0m [Test3] Kafka LAG: 55
[0;34m[DEBUG][0m [Test3] Kafka LAG: 48
[0;34m[DEBUG][0m [Test3] Kafka LAG: 38
[0;34m[DEBUG][0m [Test3] Kafka LAG: 31
[0;34m[DEBUG][0m [Test3] Kafka LAG: 24
[0;34m[DEBUG][0m [Test3] Kafka LAG: 18
[0;34m[DEBUG][0m [Test3] Kafka LAG: 47
[0;34m[DEBUG][0m [Test3] Kafka LAG: 40
[0;34m[DEBUG][0m [Test3] Kafka LAG: 34
[0;34m[DEBUG][0m [Test3] Kafka LAG: 28
[0;34m[DEBUG][0m [Test3] Kafka LAG: 21
[0;34m[DEBUG][0m [Test3] Kafka LAG: 15
[0;34m[DEBUG][0m [Test3] Kafka LAG: 44
[0;34m[DEBUG][0m [Test3] Kafka LAG: 37
[0;34m[DEBUG][0m [Test3] Kafka LAG: 32
[0;34m[DEBUG][0m [Test3] Kafka LAG: 25
[0;34m[DEBUG][0m [Test3] Kafka LAG: 19
[0;34m[DEBUG][0m [Test3] Kafka LAG: 12
[0;34m[DEBUG][0m [Test3] Kafka LAG: 39
[0;34m[DEBUG][0m [Test3] Kafka LAG: 35
[0;34m[DEBUG][0m [Test3] Kafka LAG: 29
[0;34m[DEBUG][0m [Test3] Kafka LAG: 21
[0;34m[DEBUG][0m [Test3] Kafka LAG: 15
[0;34m[DEBUG][0m [Test3] Kafka LAG: 8
[0;34m[DEBUG][0m [Test3] Kafka LAG: 37
[0;34m[DEBUG][0m [Test3] Kafka LAG: 29
[0;34m[DEBUG][0m [Test3] Kafka LAG: 58
[0;34m[DEBUG][0m [Test3] Kafka LAG: 51
[0;34m[DEBUG][0m [Test3] Kafka LAG: 43
[0;34m[DEBUG][0m [Test3] Kafka LAG: 36
[0;34m[DEBUG][0m [Test3] Kafka LAG: 30
[0;34m[DEBUG][0m [Test3] Kafka LAG: 58
[0;34m[DEBUG][0m [Test3] Kafka LAG: 50
[0;34m[DEBUG][0m [Test3] Kafka LAG: 44
[0;34m[DEBUG][0m [Test3] Kafka LAG: 37
[0;34m[DEBUG][0m [Test3] Kafka LAG: 29
[0;34m[DEBUG][0m [Test3] Kafka LAG: 22
[0;34m[DEBUG][0m [Test3] Kafka LAG: 51
[0;34m[DEBUG][0m [Test3] Kafka LAG: 32
[0;34m[DEBUG][0m [Test3] Progress: 5000/30000, LAG: 32
[0;34m[DEBUG][0m [Test3] Kafka LAG: 43
[0;34m[DEBUG][0m [Test3] Kafka LAG: 34
[0;34m[DEBUG][0m [Test3] Kafka LAG: 26
[0;34m[DEBUG][0m [Test3] Kafka LAG: 19
[0;34m[DEBUG][0m [Test3] Kafka LAG: 48
[0;34m[DEBUG][0m [Test3] Kafka LAG: 42
[0;34m[DEBUG][0m [Test3] Kafka LAG: 35
[0;34m[DEBUG][0m [Test3] Kafka LAG: 27
[0;34m[DEBUG][0m [Test3] Kafka LAG: 19
[0;34m[DEBUG][0m [Test3] Kafka LAG: 13
[0;34m[DEBUG][0m [Test3] Kafka LAG: 42
[0;34m[DEBUG][0m [Test3] Kafka LAG: 35
[0;34m[DEBUG][0m [Test3] Kafka LAG: 26
[0;34m[DEBUG][0m [Test3] Kafka LAG: 18
[0;34m[DEBUG][0m [Test3] Kafka LAG: 11
[0;34m[DEBUG][0m [Test3] Kafka LAG: 27
[0;34m[DEBUG][0m [Test3] Kafka LAG: 31
[0;34m[DEBUG][0m [Test3] Kafka LAG: 23
[0;34m[DEBUG][0m [Test3] Kafka LAG: 52
[0;34m[DEBUG][0m [Test3] Kafka LAG: 45
[0;34m[DEBUG][0m [Test3] Kafka LAG: 37
[0;34m[DEBUG][0m [Test3] Kafka LAG: 29
[0;34m[DEBUG][0m [Test3] Kafka LAG: 58
[0;34m[DEBUG][0m [Test3] Kafka LAG: 51
[0;34m[DEBUG][0m [Test3] Kafka LAG: 44
[0;34m[DEBUG][0m [Test3] Kafka LAG: 37
[0;34m[DEBUG][0m [Test3] Kafka LAG: 30
[0;34m[DEBUG][0m [Test3] Kafka LAG: 22
[0;34m[DEBUG][0m [Test3] Kafka LAG: 51
[0;34m[DEBUG][0m [Test3] Kafka LAG: 45
[0;34m[DEBUG][0m [Test3] Kafka LAG: 37
[0;34m[DEBUG][0m [Test3] Kafka LAG: 31
[0;34m[DEBUG][0m [Test3] Kafka LAG: 23
[0;34m[DEBUG][0m [Test3] Kafka LAG: 16
[0;34m[DEBUG][0m [Test3] Kafka LAG: 44
[0;34m[DEBUG][0m [Test3] Kafka LAG: 38
[0;34m[DEBUG][0m [Test3] Kafka LAG: 31
[0;34m[DEBUG][0m [Test3] Kafka LAG: 25
[0;34m[DEBUG][0m [Test3] Kafka LAG: 18
[0;34m[DEBUG][0m [Test3] Kafka LAG: 10
[0;34m[DEBUG][0m [Test3] Kafka LAG: 39
[0;34m[DEBUG][0m [Test3] Kafka LAG: 32
[0;34m[DEBUG][0m [Test3] Kafka LAG: 25
[0;34m[DEBUG][0m [Test3] Kafka LAG: 18
[0;34m[DEBUG][0m [Test3] Kafka LAG: 10
[0;34m[DEBUG][0m [Test3] Kafka LAG: 27
[0;34m[DEBUG][0m [Test3] Kafka LAG: 32
[0;34m[DEBUG][0m [Test3] Kafka LAG: 24
[0;34m[DEBUG][0m [Test3] Kafka LAG: 53
[0;34m[DEBUG][0m [Test3] Kafka LAG: 46
[0;34m[DEBUG][0m [Test3] Kafka LAG: 40
[0;34m[DEBUG][0m [Test3] Kafka LAG: 32
[0;34m[DEBUG][0m [Test3] Kafka LAG: 61
[0;34m[DEBUG][0m [Test3] Kafka LAG: 54
[0;34m[DEBUG][0m [Test3] Kafka LAG: 47
[0;34m[DEBUG][0m [Test3] Kafka LAG: 40
[0;34m[DEBUG][0m [Test3] Kafka LAG: 33
[0;34m[DEBUG][0m [Test3] Kafka LAG: 27
[0;34m[DEBUG][0m [Test3] Kafka LAG: 56
[0;34m[DEBUG][0m [Test3] Kafka LAG: 49
[0;34m[DEBUG][0m [Test3] Kafka LAG: 42
[0;34m[DEBUG][0m [Test3] Kafka LAG: 34
[0;34m[DEBUG][0m [Test3] Kafka LAG: 26
[0;34m[DEBUG][0m [Test3] Kafka LAG: 18
[0;34m[DEBUG][0m [Test3] Kafka LAG: 47
[0;34m[DEBUG][0m [Test3] Kafka LAG: 41
[0;34m[DEBUG][0m [Test3] Kafka LAG: 33
[0;34m[DEBUG][0m [Test3] Kafka LAG: 26
[0;34m[DEBUG][0m [Test3] Kafka LAG: 19
[0;34m[DEBUG][0m [Test3] Kafka LAG: 13
[0;34m[DEBUG][0m [Test3] Kafka LAG: 42
[0;34m[DEBUG][0m [Test3] Kafka LAG: 35
[0;34m[DEBUG][0m [Test3] Kafka LAG: 28
[0;34m[DEBUG][0m [Test3] Kafka LAG: 20
[0;34m[DEBUG][0m [Test3] Kafka LAG: 13
[0;34m[DEBUG][0m [Test3] Kafka LAG: 6
[0;34m[DEBUG][0m [Test3] Kafka LAG: 35
[0;34m[DEBUG][0m [Test3] Progress: 10000/30000, LAG: 28
[0;34m[DEBUG][0m [Test3] Kafka LAG: 32
[0;34m[DEBUG][0m [Test3] Kafka LAG: 61
[0;34m[DEBUG][0m [Test3] Kafka LAG: 54
[0;34m[DEBUG][0m [Test3] Kafka LAG: 47
[0;34m[DEBUG][0m [Test3] Kafka LAG: 39
[0;34m[DEBUG][0m [Test3] Kafka LAG: 32
[0;34m[DEBUG][0m [Test3] Kafka LAG: 25
[0;34m[DEBUG][0m [Test3] Kafka LAG: 55
[0;34m[DEBUG][0m [Test3] Kafka LAG: 47
[0;34m[DEBUG][0m [Test3] Kafka LAG: 39
[0;34m[DEBUG][0m [Test3] Kafka LAG: 31
[0;34m[DEBUG][0m [Test3] Kafka LAG: 24
[0;34m[DEBUG][0m [Test3] Kafka LAG: 17
[0;34m[DEBUG][0m [Test3] Kafka LAG: 47
[0;34m[DEBUG][0m [Test3] Kafka LAG: 39
[0;34m[DEBUG][0m [Test3] Kafka LAG: 34
[0;34m[DEBUG][0m [Test3] Kafka LAG: 27
[0;34m[DEBUG][0m [Test3] Kafka LAG: 20
[0;34m[DEBUG][0m [Test3] Kafka LAG: 13
[0;34m[DEBUG][0m [Test3] Kafka LAG: 43
[0;34m[DEBUG][0m [Test3] Kafka LAG: 37
[0;34m[DEBUG][0m [Test3] Kafka LAG: 30
[0;34m[DEBUG][0m [Test3] Kafka LAG: 22
[0;34m[DEBUG][0m [Test3] Kafka LAG: 14
[0;34m[DEBUG][0m [Test3] Kafka LAG: 7
[0;34m[DEBUG][0m [Test3] Kafka LAG: 35
[0;34m[DEBUG][0m [Test3] Kafka LAG: 27
[0;34m[DEBUG][0m [Test3] Kafka LAG: 20
[0;34m[DEBUG][0m [Test3] Kafka LAG: 49
[0;34m[DEBUG][0m [Test3] Kafka LAG: 42
[0;34m[DEBUG][0m [Test3] Kafka LAG: 35
[0;34m[DEBUG][0m [Test3] Kafka LAG: 61
[0;34m[DEBUG][0m [Test3] Kafka LAG: 54
[0;34m[DEBUG][0m [Test3] Kafka LAG: 33
[0;34m[DEBUG][0m [Test3] Kafka LAG: 61
[0;34m[DEBUG][0m [Test3] Kafka LAG: 45
[0;34m[DEBUG][0m [Test3] Kafka LAG: 36
[0;34m[DEBUG][0m [Test3] Kafka LAG: 23
[0;34m[DEBUG][0m [Test3] Kafka LAG: 13
[0;34m[DEBUG][0m [Test3] Kafka LAG: 6
[0;34m[DEBUG][0m [Test3] Kafka LAG: 35
[0;34m[DEBUG][0m [Test3] Kafka LAG: 63
[0;34m[DEBUG][0m [Test3] Kafka LAG: 55
[0;34m[DEBUG][0m [Test3] Kafka LAG: 48
[0;34m[DEBUG][0m [Test3] Kafka LAG: 40
[0;34m[DEBUG][0m [Test3] Kafka LAG: 33
[0;34m[DEBUG][0m [Test3] Kafka LAG: 61
[0;34m[DEBUG][0m [Test3] Kafka LAG: 53
[0;34m[DEBUG][0m [Test3] Kafka LAG: 45
[0;34m[DEBUG][0m [Test3] Kafka LAG: 38
[0;34m[DEBUG][0m [Test3] Kafka LAG: 30
[0;34m[DEBUG][0m [Test3] Kafka LAG: 22
[0;34m[DEBUG][0m [Test3] Kafka LAG: 49
[0;34m[DEBUG][0m [Test3] Kafka LAG: 41
[0;34m[DEBUG][0m [Test3] Kafka LAG: 34
[0;34m[DEBUG][0m [Test3] Kafka LAG: 26
[0;34m[DEBUG][0m [Test3] Kafka LAG: 19
[0;34m[DEBUG][0m [Test3] Kafka LAG: 50
[0;34m[DEBUG][0m [Test3] Kafka LAG: 38
[0;34m[DEBUG][0m [Test3] Kafka LAG: 31
[0;34m[DEBUG][0m [Test3] Kafka LAG: 24
[0;34m[DEBUG][0m [Test3] Kafka LAG: 52
[0;34m[DEBUG][0m [Test3] Kafka LAG: 46
[0;34m[DEBUG][0m [Test3] Kafka LAG: 38
[0;34m[DEBUG][0m [Test3] Kafka LAG: 31
[0;34m[DEBUG][0m [Test3] Kafka LAG: 23
[0;34m[DEBUG][0m [Test3] Kafka LAG: 16
[0;34m[DEBUG][0m [Test3] Kafka LAG: 45
[0;34m[DEBUG][0m [Test3] Kafka LAG: 38
[0;34m[DEBUG][0m [Test3] Kafka LAG: 30
[0;34m[DEBUG][0m [Test3] Kafka LAG: 23
[0;34m[DEBUG][0m [Test3] Kafka LAG: 15
[0;34m[DEBUG][0m [Test3] Kafka LAG: 44
[0;34m[DEBUG][0m [Test3] Kafka LAG: 37
[0;34m[DEBUG][0m [Test3] Kafka LAG: 27
[0;34m[DEBUG][0m [Test3] Kafka LAG: 20
[0;34m[DEBUG][0m [Test3] Kafka LAG: 13
[0;34m[DEBUG][0m [Test3] Kafka LAG: 7
[0;34m[DEBUG][0m [Test3] Kafka LAG: 24
[0;34m[DEBUG][0m [Test3] Progress: 15000/30000, LAG: 24
[0;34m[DEBUG][0m [Test3] Kafka LAG: 33
[0;34m[DEBUG][0m [Test3] Kafka LAG: 26
[0;34m[DEBUG][0m [Test3] Kafka LAG: 19
[0;34m[DEBUG][0m [Test3] Kafka LAG: 47
[0;34m[DEBUG][0m [Test3] Kafka LAG: 40
[0;34m[DEBUG][0m [Test3] Kafka LAG: 32
[0;34m[DEBUG][0m [Test3] Kafka LAG: 60
[0;34m[DEBUG][0m [Test3] Kafka LAG: 53
[0;34m[DEBUG][0m [Test3] Kafka LAG: 46
[0;34m[DEBUG][0m [Test3] Kafka LAG: 37
[0;34m[DEBUG][0m [Test3] Kafka LAG: 30
[0;34m[DEBUG][0m [Test3] Kafka LAG: 23
[0;34m[DEBUG][0m [Test3] Kafka LAG: 51
[0;34m[DEBUG][0m [Test3] Kafka LAG: 43
[0;34m[DEBUG][0m [Test3] Kafka LAG: 35
[0;34m[DEBUG][0m [Test3] Kafka LAG: 28
[0;34m[DEBUG][0m [Test3] Kafka LAG: 20
[0;34m[DEBUG][0m [Test3] Kafka LAG: 49
[0;34m[DEBUG][0m [Test3] Kafka LAG: 42
[0;34m[DEBUG][0m [Test3] Kafka LAG: 35
[0;34m[DEBUG][0m [Test3] Kafka LAG: 27
[0;34m[DEBUG][0m [Test3] Kafka LAG: 20
[0;34m[DEBUG][0m [Test3] Kafka LAG: 12
[0;34m[DEBUG][0m [Test3] Kafka LAG: 42
[0;34m[DEBUG][0m [Test3] Kafka LAG: 34
[0;34m[DEBUG][0m [Test3] Kafka LAG: 28
[0;34m[DEBUG][0m [Test3] Kafka LAG: 19
[0;34m[DEBUG][0m [Test3] Kafka LAG: 12
[0;34m[DEBUG][0m [Test3] Kafka LAG: 40
[0;34m[DEBUG][0m [Test3] Kafka LAG: 33
[0;34m[DEBUG][0m [Test3] Kafka LAG: 25
[0;34m[DEBUG][0m [Test3] Kafka LAG: 18
[0;34m[DEBUG][0m [Test3] Kafka LAG: 12
[0;34m[DEBUG][0m [Test3] Kafka LAG: 5
[0;34m[DEBUG][0m [Test3] Kafka LAG: 33
[0;34m[DEBUG][0m [Test3] Kafka LAG: 25
[0;34m[DEBUG][0m [Test3] Kafka LAG: 17
[0;34m[DEBUG][0m [Test3] Kafka LAG: 46
[0;34m[DEBUG][0m [Test3] Kafka LAG: 38
[0;34m[DEBUG][0m [Test3] Kafka LAG: 31
[0;34m[DEBUG][0m [Test3] Kafka LAG: 59
[0;34m[DEBUG][0m [Test3] Kafka LAG: 52
[0;34m[DEBUG][0m [Test3] Kafka LAG: 45
[0;34m[DEBUG][0m [Test3] Kafka LAG: 36
[0;34m[DEBUG][0m [Test3] Kafka LAG: 28
[0;34m[DEBUG][0m [Test3] Kafka LAG: 55
[0;34m[DEBUG][0m [Test3] Kafka LAG: 48
[0;34m[DEBUG][0m [Test3] Kafka LAG: 41
[0;34m[DEBUG][0m [Test3] Kafka LAG: 34
[0;34m[DEBUG][0m [Test3] Kafka LAG: 27
[0;34m[DEBUG][0m [Test3] Kafka LAG: 19
[0;34m[DEBUG][0m [Test3] Kafka LAG: 47
[0;34m[DEBUG][0m [Test3] Kafka LAG: 40
[0;34m[DEBUG][0m [Test3] Kafka LAG: 32
[0;34m[DEBUG][0m [Test3] Kafka LAG: 25
[0;34m[DEBUG][0m [Test3] Kafka LAG: 17
[0;34m[DEBUG][0m [Test3] Kafka LAG: 46
[0;34m[DEBUG][0m [Test3] Kafka LAG: 39
[0;34m[DEBUG][0m [Test3] Kafka LAG: 31
[0;34m[DEBUG][0m [Test3] Kafka LAG: 24
[0;34m[DEBUG][0m [Test3] Kafka LAG: 18
[0;34m[DEBUG][0m [Test3] Kafka LAG: 10
[0;34m[DEBUG][0m [Test3] Kafka LAG: 39
[0;34m[DEBUG][0m [Test3] Kafka LAG: 32
[0;34m[DEBUG][0m [Test3] Kafka LAG: 25
[0;34m[DEBUG][0m [Test3] Kafka LAG: 18
[0;34m[DEBUG][0m [Test3] Kafka LAG: 10
[0;34m[DEBUG][0m [Test3] Kafka LAG: 38
[0;34m[DEBUG][0m [Test3] Kafka LAG: 31
[0;34m[DEBUG][0m [Test3] Kafka LAG: 60
[0;34m[DEBUG][0m [Test3] Kafka LAG: 52
[0;34m[DEBUG][0m [Test3] Kafka LAG: 45
[0;34m[DEBUG][0m [Test3] Kafka LAG: 38
[0;34m[DEBUG][0m [Test3] Kafka LAG: 31
[0;34m[DEBUG][0m [Test3] Kafka LAG: 53
[0;34m[DEBUG][0m [Test3] Kafka LAG: 52
[0;34m[DEBUG][0m [Test3] Kafka LAG: 44
[0;34m[DEBUG][0m [Test3] Kafka LAG: 20
[0;34m[DEBUG][0m [Test3] Progress: 20000/30000, LAG: 20
[0;34m[DEBUG][0m [Test3] Kafka LAG: 33
[0;34m[DEBUG][0m [Test3] Kafka LAG: 26
[0;34m[DEBUG][0m [Test3] Kafka LAG: 19
[0;34m[DEBUG][0m [Test3] Kafka LAG: 47
[0;34m[DEBUG][0m [Test3] Kafka LAG: 40
[0;34m[DEBUG][0m [Test3] Kafka LAG: 33
[0;34m[DEBUG][0m [Test3] Kafka LAG: 25
[0;34m[DEBUG][0m [Test3] Kafka LAG: 18
[0;34m[DEBUG][0m [Test3] Kafka LAG: 47
[0;34m[DEBUG][0m [Test3] Kafka LAG: 40
[0;34m[DEBUG][0m [Test3] Kafka LAG: 32
[0;34m[DEBUG][0m [Test3] Kafka LAG: 25
[0;34m[DEBUG][0m [Test3] Kafka LAG: 17
[0;34m[DEBUG][0m [Test3] Kafka LAG: 9
[0;34m[DEBUG][0m [Test3] Kafka LAG: 38
[0;34m[DEBUG][0m [Test3] Kafka LAG: 31
[0;34m[DEBUG][0m [Test3] Kafka LAG: 24
[0;34m[DEBUG][0m [Test3] Kafka LAG: 17
[0;34m[DEBUG][0m [Test3] Kafka LAG: 10
[0;34m[DEBUG][0m [Test3] Kafka LAG: 3
[0;34m[DEBUG][0m [Test3] Kafka LAG: 32
[0;34m[DEBUG][0m [Test3] Kafka LAG: 60
[0;34m[DEBUG][0m [Test3] Kafka LAG: 52
[0;34m[DEBUG][0m [Test3] Kafka LAG: 45
[0;34m[DEBUG][0m [Test3] Kafka LAG: 38
[0;34m[DEBUG][0m [Test3] Kafka LAG: 31
[0;34m[DEBUG][0m [Test3] Kafka LAG: 59
[0;34m[DEBUG][0m [Test3] Kafka LAG: 52
[0;34m[DEBUG][0m [Test3] Kafka LAG: 44
[0;34m[DEBUG][0m [Test3] Kafka LAG: 35
[0;34m[DEBUG][0m [Test3] Kafka LAG: 28
[0;34m[DEBUG][0m [Test3] Kafka LAG: 57
[0;34m[DEBUG][0m [Test3] Kafka LAG: 51
[0;34m[DEBUG][0m [Test3] Kafka LAG: 43
[0;34m[DEBUG][0m [Test3] Kafka LAG: 36
[0;34m[DEBUG][0m [Test3] Kafka LAG: 28
[0;34m[DEBUG][0m [Test3] Kafka LAG: 20
[0;34m[DEBUG][0m [Test3] Kafka LAG: 49
[0;34m[DEBUG][0m [Test3] Kafka LAG: 42
[0;34m[DEBUG][0m [Test3] Kafka LAG: 35
[0;34m[DEBUG][0m [Test3] Kafka LAG: 28
[0;34m[DEBUG][0m [Test3] Kafka LAG: 21
[0;34m[DEBUG][0m [Test3] Kafka LAG: 14
[0;34m[DEBUG][0m [Test3] Kafka LAG: 43
[0;34m[DEBUG][0m [Test3] Kafka LAG: 35
[0;34m[DEBUG][0m [Test3] Kafka LAG: 27
[0;34m[DEBUG][0m [Test3] Kafka LAG: 17
[0;34m[DEBUG][0m [Test3] Kafka LAG: 9
[0;34m[DEBUG][0m [Test3] Kafka LAG: 37
[0;34m[DEBUG][0m [Test3] Kafka LAG: 30
[0;34m[DEBUG][0m [Test3] Kafka LAG: 22
[0;34m[DEBUG][0m [Test3] Kafka LAG: 15
[0;34m[DEBUG][0m [Test3] Kafka LAG: 8
[0;34m[DEBUG][0m [Test3] Kafka LAG: 35
[0;34m[DEBUG][0m [Test3] Kafka LAG: 63
[0;34m[DEBUG][0m [Test3] Kafka LAG: 56
[0;34m[DEBUG][0m [Test3] Kafka LAG: 50
[0;34m[DEBUG][0m [Test3] Kafka LAG: 42
[0;34m[DEBUG][0m [Test3] Kafka LAG: 35
[0;34m[DEBUG][0m [Test3] Kafka LAG: 27
[0;34m[DEBUG][0m [Test3] Kafka LAG: 57
[0;34m[DEBUG][0m [Test3] Kafka LAG: 49
[0;34m[DEBUG][0m [Test3] Kafka LAG: 43
[0;34m[DEBUG][0m [Test3] Kafka LAG: 36
[0;34m[DEBUG][0m [Test3] Kafka LAG: 28
[0;34m[DEBUG][0m [Test3] Kafka LAG: 57
[0;34m[DEBUG][0m [Test3] Kafka LAG: 50
[0;34m[DEBUG][0m [Test3] Kafka LAG: 42
[0;34m[DEBUG][0m [Test3] Kafka LAG: 35
[0;34m[DEBUG][0m [Test3] Kafka LAG: 28
[0;34m[DEBUG][0m [Test3] Kafka LAG: 20
[0;34m[DEBUG][0m [Test3] Kafka LAG: 49
[0;34m[DEBUG][0m [Test3] Kafka LAG: 40
[0;34m[DEBUG][0m [Test3] Kafka LAG: 32
[0;34m[DEBUG][0m [Test3] Kafka LAG: 25
[0;34m[DEBUG][0m [Test3] Kafka LAG: 17
[0;34m[DEBUG][0m [Test3] Kafka LAG: 39
[0;34m[DEBUG][0m [Test3] Progress: 25000/30000, LAG: 16
[0;34m[DEBUG][0m [Test3] Kafka LAG: 16
[0;34m[DEBUG][0m [Test3] Kafka LAG: 33
[0;34m[DEBUG][0m [Test3] Kafka LAG: 27
[0;34m[DEBUG][0m [Test3] Kafka LAG: 19
[0;34m[DEBUG][0m [Test3] Kafka LAG: 11
[0;34m[DEBUG][0m [Test3] Kafka LAG: 40
[0;34m[DEBUG][0m [Test3] Kafka LAG: 32
[0;34m[DEBUG][0m [Test3] Kafka LAG: 24
[0;34m[DEBUG][0m [Test3] Kafka LAG: 16
[0;34m[DEBUG][0m [Test3] Kafka LAG: 45
[0;34m[DEBUG][0m [Test3] Kafka LAG: 37
[0;34m[DEBUG][0m [Test3] Kafka LAG: 50
[0;34m[DEBUG][0m [Test3] Kafka LAG: 61
[0;34m[DEBUG][0m [Test3] Kafka LAG: 53
[0;34m[DEBUG][0m [Test3] Kafka LAG: 46
[0;34m[DEBUG][0m [Test3] Kafka LAG: 38
[0;34m[DEBUG][0m [Test3] Kafka LAG: 32
[0;34m[DEBUG][0m [Test3] Kafka LAG: 60
[0;34m[DEBUG][0m [Test3] Kafka LAG: 52
[0;34m[DEBUG][0m [Test3] Kafka LAG: 43
[0;34m[DEBUG][0m [Test3] Kafka LAG: 34
[0;34m[DEBUG][0m [Test3] Kafka LAG: 27
[0;34m[DEBUG][0m [Test3] Kafka LAG: 54
[0;34m[DEBUG][0m [Test3] Kafka LAG: 47
[0;34m[DEBUG][0m [Test3] Kafka LAG: 40
[0;34m[DEBUG][0m [Test3] Kafka LAG: 33
[0;34m[DEBUG][0m [Test3] Kafka LAG: 25
[0;34m[DEBUG][0m [Test3] Kafka LAG: 18
[0;34m[DEBUG][0m [Test3] Kafka LAG: 46
[0;34m[DEBUG][0m [Test3] Kafka LAG: 39
[0;34m[DEBUG][0m [Test3] Kafka LAG: 32
[0;34m[DEBUG][0m [Test3] Kafka LAG: 25
[0;34m[DEBUG][0m [Test3] Kafka LAG: 18
[0;34m[DEBUG][0m [Test3] Kafka LAG: 10
[0;34m[DEBUG][0m [Test3] Kafka LAG: 38
[0;34m[DEBUG][0m [Test3] Kafka LAG: 31
[0;34m[DEBUG][0m [Test3] Kafka LAG: 23
[0;34m[DEBUG][0m [Test3] Kafka LAG: 15
[0;34m[DEBUG][0m [Test3] Kafka LAG: 8
[0;34m[DEBUG][0m [Test3] Kafka LAG: 36
[0;34m[DEBUG][0m [Test3] Kafka LAG: 29
[0;34m[DEBUG][0m [Test3] Kafka LAG: 21
[0;34m[DEBUG][0m [Test3] Kafka LAG: 49
[0;34m[DEBUG][0m [Test3] Kafka LAG: 41
[0;34m[DEBUG][0m [Test3] Kafka LAG: 35
[0;34m[DEBUG][0m [Test3] Kafka LAG: 64
[0;34m[DEBUG][0m [Test3] Kafka LAG: 58
[0;34m[DEBUG][0m [Test3] Kafka LAG: 50
[0;34m[DEBUG][0m [Test3] Kafka LAG: 43
[0;34m[DEBUG][0m [Test3] Kafka LAG: 37
[0;34m[DEBUG][0m [Test3] Kafka LAG: 30
[0;34m[DEBUG][0m [Test3] Kafka LAG: 59
[0;34m[DEBUG][0m [Test3] Kafka LAG: 52
[0;34m[DEBUG][0m [Test3] Kafka LAG: 46
[0;34m[DEBUG][0m [Test3] Kafka LAG: 39
[0;34m[DEBUG][0m [Test3] Kafka LAG: 33
[0;34m[DEBUG][0m [Test3] Kafka LAG: 25
[0;34m[DEBUG][0m [Test3] Kafka LAG: 47
[0;34m[DEBUG][0m [Test3] Kafka LAG: 47
[0;34m[DEBUG][0m [Test3] Kafka LAG: 39
[0;34m[DEBUG][0m [Test3] Kafka LAG: 32
[0;34m[DEBUG][0m [Test3] Kafka LAG: 25
[0;34m[DEBUG][0m [Test3] Kafka LAG: 18
[0;34m[DEBUG][0m [Test3] Kafka LAG: 30
[0;34m[DEBUG][0m [Test3] Kafka LAG: 41
[0;34m[DEBUG][0m [Test3] Kafka LAG: 34
[0;34m[DEBUG][0m [Test3] Kafka LAG: 26
[0;34m[DEBUG][0m [Test3] Kafka LAG: 18
[0;34m[DEBUG][0m [Test3] Kafka LAG: 10
[0;34m[DEBUG][0m [Test3] Kafka LAG: 39
[0;34m[DEBUG][0m [Test3] Kafka LAG: 32
[0;34m[DEBUG][0m [Test3] Kafka LAG: 23
[0;34m[DEBUG][0m [Test3] Kafka LAG: 16
[0;34m[DEBUG][0m [Test3] Kafka LAG: 9
[0;34m[DEBUG][0m [Test3] Kafka LAG: 38
[0;34m[DEBUG][0m [Test3] Kafka LAG: 30
[0;34m[DEBUG][0m [Test3] Kafka LAG: 22
[0;34m[DEBUG][0m [Test3] Kafka LAG: 51
[0;34m[DEBUG][0m [Test3] Progress: 30000/30000, LAG: 12
[0;32m[INFO][0m Messages sent. Waiting 30 seconds for processing (larger backlog)...
[0;34m[DEBUG][0m [Test3] Kafka LAG: 12
[0;34m[DEBUG][0m [Test3] Kafka LAG: 12
[0;34m[DEBUG][0m [Test3] Kafka LAG: 12
[0;34m[DEBUG][0m [Test3] Kafka LAG: 12
[0;34m[DEBUG][0m [Test3] Kafka LAG: 12
[0;34m[DEBUG][0m [Test3] Kafka LAG: 0
[0;34m[DEBUG][0m [Test3] Kafka LAG: 0
[0;34m[DEBUG][0m [Test3] Kafka LAG: 0
[0;34m[DEBUG][0m [Test3] Kafka LAG: 0
[0;34m[DEBUG][0m [Test3] Kafka LAG: 0
[0;34m[DEBUG][0m [Test3] Kafka LAG: 0
[0;34m[DEBUG][0m [Test3] Kafka LAG: 0
[0;34m[DEBUG][0m [Test3] Kafka LAG: 0
[0;34m[DEBUG][0m [Test3] Kafka LAG: 0
[0;34m[DEBUG][0m [Test3] Kafka LAG: 0
[0;32m[INFO][0m Sampling application logs for Test3...
[0;34m[DEBUG][0m [Test3] Error count in logs:        2
[0;32m[INFO][0m Test 3 Complete: 30000/30,000 messages processed (100.00%)
[0;32m[INFO][0m Test 3 Peak LAG: 64, Avg LAG: 33, Final LAG: 0
[0;32m[INFO][0m Collecting final database metrics...
[0;32m[INFO][0m Performance test complete!
[0;32m[INFO][0m Report saved to: ./performance-reports/synapse-performance-report-20260320-222724.md
[0;32m[INFO][0m Debug log saved to: ./performance-reports/debug-20260320-222724.log
[0;32m[INFO][0m View report: cat ./performance-reports/synapse-performance-report-20260320-222724.md
[0;32m[INFO][0m View debug log: cat ./performance-reports/debug-20260320-222724.log
[0;32m[INFO][0m View latest: cat ./performance-reports/latest.md
